[ 5, 5, 1, 7, 2, 3, 5 ]
5
[ 1, 2, 2, 2, 2, 2, 3 ]
[ -4, -4, -4, -3, -2, -1, 0 ]
[ -3, -2, -2, -1, 0, 1, 3 ]
c[ 0 ]= -3
pivotal point  0
L [] ls 0
R [ 5, 5, 1, 7, 2, 3, 5 ] rs 4
L [ 5 ] ls 1
R [ 5, 1, 7, 2, 3, 5 ] rs 4
L [ 5, 5 ] ls 2
R [ 1, 7, 2, 3, 5 ] rs 4
L [ 5, 5, 1 ] ls 2
R [ 7, 2, 3, 5 ] rs 3
L [ 5, 5, 1, 7 ] ls 2
R [ 2, 3, 5 ] rs 2
expected 4 got  3
[]
5
[]
[]
[]
extreme empty : expected -1 got -1
[ 1 ]
5
[ 0 ]
[ -1 ]
[ -1 ]
one element expected -1 -1
[ 1, 0, 1, 0 ]
1
[ 1, 1, 2, 2 ]
[ -2, -2, -1, -1 ]
[ -1, -1, 1, 1 ]
c[ 0 ]= -1
pivotal point  0
L [] ls 0
R [ 1, 0, 1, 0 ] rs 2
L [ 1 ] ls 1
R [ 0, 1, 0 ] rs 2
L [ 1, 0 ] ls 1
R [ 1, 0 ] rs 1
simple even case expected 1 1
[ 1, 0, 0, 0, 1 ]
1
[ 1, 1, 1, 1, 2 ]
[ -3, -3, -2, -1, 0 ]
[ -2, -2, -1, 0, 2 ]
c[ 0 ]= -2
pivotal point  0
L [] ls 0
R [ 1, 0, 0, 0, 1 ] rs 3
L [ 1 ] ls 1
R [ 0, 0, 0, 1 ] rs 3
L [ 1, 0 ] ls 1
R [ 0, 0, 1 ] rs 2
L [ 1, 0, 0 ] ls 1
R [ 0, 1 ] rs 1
simple case 1,0,0,0,1 with 1 expected 2 2
[ 1, 0, 0, 0, 1, 1 ]
1
[ 1, 1, 1, 1, 2, 3 ]
[ -3, -3, -2, -1, 0, 0 ]
[ -2, -2, -1, 0, 2, 3 ]
c[ 0 ]= -2
pivotal point  0
L [] ls 0
R [ 1, 0, 0, 0, 1, 1 ] rs 3
L [ 1 ] ls 1
R [ 0, 0, 0, 1, 1 ] rs 3
L [ 1, 0 ] ls 1
R [ 0, 0, 1, 1 ] rs 2
L [ 1, 0, 0 ] ls 1
R [ 0, 1, 1 ] rs 1
simple case 1,0,0,0,1,1 with 1 expected 2 2
[ 1, 0, 0, 0, 1 ]
0
[ 0, 1, 2, 3, 3 ]
[ -2, -1, -1, -1, -1 ]
[ -2, 0, 1, 2, 2 ]
c[ 0 ]= -2
pivotal point  0
L [] ls 0
R [ 1, 0, 0, 0, 1 ] rs 2
L [ 1 ] ls 0
R [ 0, 0, 0, 1 ] rs 1
L [ 1, 0 ] ls 1
R [ 0, 0, 1 ] rs 1
simple case 1,0,0,0,1 with 0 expected 1 1
[ 1, 0, 0, 0, 1, 1 ]
0
[ 0, 1, 2, 3, 3, 3 ]
[ -3, -2, -2, -2, -2, -1 ]
[ -3, -1, 0, 1, 1, 2 ]
c[ 0 ]= -3
pivotal point  0
L [] ls 0
R [ 1, 0, 0, 0, 1, 1 ] rs 3
L [ 1 ] ls 0
R [ 0, 0, 0, 1, 1 ] rs 2
L [ 1, 0 ] ls 1
R [ 0, 0, 1, 1 ] rs 2
L [ 1, 0, 0 ] ls 2
R [ 0, 1, 1 ] rs 2
simple case 1,0,0,0,1,1 with 0 expected 2 2
[ 5, 1, 0, 5, 3, 1, 7, 5 ]
5
[ 1, 1, 1, 2, 2, 2, 2, 3 ]
[ -5, -5, -4, -3, -3, -2, -1, 0 ]
[ -4, -4, -3, -1, -1, 0, 1, 3 ]
c[ 0 ]= -4
pivotal point  0
L [] ls 0
R [ 5, 1, 0, 5, 3, 1, 7, 5 ] rs 5
L [ 5 ] ls 1
R [ 1, 0, 5, 3, 1, 7, 5 ] rs 5
L [ 5, 1 ] ls 1
R [ 0, 5, 3, 1, 7, 5 ] rs 4
L [ 5, 1, 0 ] ls 1
R [ 5, 3, 1, 7, 5 ] rs 3
L [ 5, 1, 0, 5 ] ls 2
R [ 3, 1, 7, 5 ] rs 3
L [ 5, 1, 0, 5, 3 ] ls 2
R [ 1, 7, 5 ] rs 2
5,1,0,5,3,1,7,5 exptected 4 got 4
[ 5, 5, 1, 7, 2, 3, 5, 5, 1, 0, 5, 3, 1, 7, 5 ]
5
[ 1, 2, 2, 2, 2, 2, 3, 4, 4, 4, 5, 5, 5, 5, 6 ]
[ -9, -9, -9, -8, -7, -6, -5, -5, -5, -4, -3, -3, -2, -1, 0 ]
[ -8, -7, -7, -6, -5, -4, -2, -1, -1, 0, 2, 2, 3, 4, 6 ]
c[ 0 ]= -8
pivotal point  0
L [] ls 0
R [ 5, 5, 1, 7, 2, 3, 5, 5, 1, 0, 5, 3, 1, 7, 5 ] rs 9
L [ 5 ] ls 1
R [ 5, 1, 7, 2, 3, 5, 5, 1, 0, 5, 3, 1, 7, 5 ] rs 9
L [ 5, 5 ] ls 2
R [ 1, 7, 2, 3, 5, 5, 1, 0, 5, 3, 1, 7, 5 ] rs 9
L [ 5, 5, 1 ] ls 2
R [ 7, 2, 3, 5, 5, 1, 0, 5, 3, 1, 7, 5 ] rs 8
L [ 5, 5, 1, 7 ] ls 2
R [ 2, 3, 5, 5, 1, 0, 5, 3, 1, 7, 5 ] rs 7
L [ 5, 5, 1, 7, 2 ] ls 2
R [ 3, 5, 5, 1, 0, 5, 3, 1, 7, 5 ] rs 6
L [ 5, 5, 1, 7, 2, 3 ] ls 2
R [ 5, 5, 1, 0, 5, 3, 1, 7, 5 ] rs 5
L [ 5, 5, 1, 7, 2, 3, 5 ] ls 3
R [ 5, 1, 0, 5, 3, 1, 7, 5 ] rs 5
L [ 5, 5, 1, 7, 2, 3, 5, 5 ] ls 4
R [ 1, 0, 5, 3, 1, 7, 5 ] rs 5
L [ 5, 5, 1, 7, 2, 3, 5, 5, 1 ] ls 4
R [ 0, 5, 3, 1, 7, 5 ] rs 4
more complex expected  8

----------------------------------------
Execution time :  22.067707 m/s
----------------------------------------
